Determining if the pthread_create exist failed with the following output:
Change Dir: /home/hdh5/ros_all/learn_ws/build/CMakeFiles/CMakeTmp

Run Build Command:"/usr/bin/make" "cmTC_7efbb/fast"
/usr/bin/make -f CMakeFiles/cmTC_7efbb.dir/build.make CMakeFiles/cmTC_7efbb.dir/build
make[1]: 进入目录“/home/hdh5/ros_all/learn_ws/build/CMakeFiles/CMakeTmp”
Building C object CMakeFiles/cmTC_7efbb.dir/CheckSymbolExists.c.o
/usr/bin/cc    -o CMakeFiles/cmTC_7efbb.dir/CheckSymbolExists.c.o   -c /home/hdh5/ros_all/learn_ws/build/CMakeFiles/CMakeTmp/CheckSymbolExists.c
Linking C executable cmTC_7efbb
/usr/local/bin/cmake -E cmake_link_script CMakeFiles/cmTC_7efbb.dir/link.txt --verbose=1
/usr/bin/cc      -rdynamic CMakeFiles/cmTC_7efbb.dir/CheckSymbolExists.c.o  -o cmTC_7efbb 
CMakeFiles/cmTC_7efbb.dir/CheckSymbolExists.c.o：在函数‘main’中：
CheckSymbolExists.c:(.text+0x1b)：对‘pthread_create’未定义的引用
collect2: error: ld returned 1 exit status
CMakeFiles/cmTC_7efbb.dir/build.make:97: recipe for target 'cmTC_7efbb' failed
make[1]: *** [cmTC_7efbb] Error 1
make[1]: 离开目录“/home/hdh5/ros_all/learn_ws/build/CMakeFiles/CMakeTmp”
Makefile:126: recipe for target 'cmTC_7efbb/fast' failed
make: *** [cmTC_7efbb/fast] Error 2

File /home/hdh5/ros_all/learn_ws/build/CMakeFiles/CMakeTmp/CheckSymbolExists.c:
/* */
#include <pthread.h>

int main(int argc, char** argv)
{
  (void)argv;
#ifndef pthread_create
  return ((int*)(&pthread_create))[argc];
#else
  (void)argc;
  return 0;
#endif
}

Determining if the function pthread_create exists in the pthreads failed with the following output:
Change Dir: /home/hdh5/ros_all/learn_ws/build/CMakeFiles/CMakeTmp

Run Build Command:"/usr/bin/make" "cmTC_3fef2/fast"
/usr/bin/make -f CMakeFiles/cmTC_3fef2.dir/build.make CMakeFiles/cmTC_3fef2.dir/build
make[1]: 进入目录“/home/hdh5/ros_all/learn_ws/build/CMakeFiles/CMakeTmp”
Building C object CMakeFiles/cmTC_3fef2.dir/CheckFunctionExists.c.o
/usr/bin/cc   -DCHECK_FUNCTION_EXISTS=pthread_create   -o CMakeFiles/cmTC_3fef2.dir/CheckFunctionExists.c.o   -c /usr/local/share/cmake-3.10/Modules/CheckFunctionExists.c
Linking C executable cmTC_3fef2
/usr/local/bin/cmake -E cmake_link_script CMakeFiles/cmTC_3fef2.dir/link.txt --verbose=1
/usr/bin/cc  -DCHECK_FUNCTION_EXISTS=pthread_create    -rdynamic CMakeFiles/cmTC_3fef2.dir/CheckFunctionExists.c.o  -o cmTC_3fef2 -lpthreads 
/usr/bin/ld: 找不到 -lpthreads
collect2: error: ld returned 1 exit status
CMakeFiles/cmTC_3fef2.dir/build.make:97: recipe for target 'cmTC_3fef2' failed
make[1]: *** [cmTC_3fef2] Error 1
make[1]: 离开目录“/home/hdh5/ros_all/learn_ws/build/CMakeFiles/CMakeTmp”
Makefile:126: recipe for target 'cmTC_3fef2/fast' failed
make: *** [cmTC_3fef2/fast] Error 2


Performing C SOURCE FILE Test CMAKE_HAVE_LIBC_PTHREAD failed with the following output:
Change Dir: /home/hdh5/ros_all/learn_ws/build/CMakeFiles/CMakeTmp

Run Build Command(s):/usr/bin/make cmTC_2d012/fast && /usr/bin/make  -f CMakeFiles/cmTC_2d012.dir/build.make CMakeFiles/cmTC_2d012.dir/build
make[1]: 进入目录“/home/hdh5/ros_all/learn_ws/build/CMakeFiles/CMakeTmp”
Building C object CMakeFiles/cmTC_2d012.dir/src.c.o
/usr/bin/cc   -DCMAKE_HAVE_LIBC_PTHREAD   -o CMakeFiles/cmTC_2d012.dir/src.c.o   -c /home/hdh5/ros_all/learn_ws/build/CMakeFiles/CMakeTmp/src.c
Linking C executable cmTC_2d012
/home/hdh5/.local/share/JetBrains/Toolbox/apps/CLion/ch-0/202.7319.72/bin/cmake/linux/bin/cmake -E cmake_link_script CMakeFiles/cmTC_2d012.dir/link.txt --verbose=1
/usr/bin/cc  -DCMAKE_HAVE_LIBC_PTHREAD    -rdynamic CMakeFiles/cmTC_2d012.dir/src.c.o  -o cmTC_2d012 
CMakeFiles/cmTC_2d012.dir/src.c.o：在函数‘main’中：
src.c:(.text+0x3e)：对‘pthread_create’未定义的引用
src.c:(.text+0x4a)：对‘pthread_detach’未定义的引用
src.c:(.text+0x56)：对‘pthread_cancel’未定义的引用
src.c:(.text+0x67)：对‘pthread_join’未定义的引用
src.c:(.text+0x7b)：对‘pthread_atfork’未定义的引用
collect2: error: ld returned 1 exit status
CMakeFiles/cmTC_2d012.dir/build.make:106: recipe for target 'cmTC_2d012' failed
make[1]: *** [cmTC_2d012] Error 1
make[1]: 离开目录“/home/hdh5/ros_all/learn_ws/build/CMakeFiles/CMakeTmp”
Makefile:141: recipe for target 'cmTC_2d012/fast' failed
make: *** [cmTC_2d012/fast] Error 2


Source file was:
#include <pthread.h>

void* test_func(void* data)
{
  return data;
}

int main(void)
{
  pthread_t thread;
  pthread_create(&thread, NULL, test_func, NULL);
  pthread_detach(thread);
  pthread_cancel(thread);
  pthread_join(thread, NULL);
  pthread_atfork(NULL, NULL, NULL);
  pthread_exit(NULL);

  return 0;
}

